<?xml version="1.0" encoding="UTF-8"?>
<testsuite xmlns:xsi="http://www.w3.org/2001/XMLSchema-instance" xsi:noNamespaceSchemaLocation="https://maven.apache.org/surefire/maven-surefire-plugin/xsd/surefire-test-report.xsd" name="com.goaptive.demo.goaptiedemo.com.AppTest" time="0.9" tests="1" errors="0" skipped="0" failures="0">
  <properties>
    <property name="sun.desktop" value="windows"/>
    <property name="awt.toolkit" value="sun.awt.windows.WToolkit"/>
    <property name="file.encoding.pkg" value="sun.io"/>
    <property name="java.specification.version" value="1.8"/>
    <property name="sun.cpu.isalist" value="amd64"/>
    <property name="sun.jnu.encoding" value="Cp1252"/>
    <property name="java.class.path" value="E:\sw\Homework1\goaptiedemo.demo\target\test-classes;E:\sw\Homework1\goaptiedemo.demo\target\classes;C:\Users\Subhradip Sinha\.m2\repository\org\seleniumhq\selenium\selenium-java\3.141.59\selenium-java-3.141.59.jar;C:\Users\Subhradip Sinha\.m2\repository\org\seleniumhq\selenium\selenium-api\3.141.59\selenium-api-3.141.59.jar;C:\Users\Subhradip Sinha\.m2\repository\org\seleniumhq\selenium\selenium-chrome-driver\3.141.59\selenium-chrome-driver-3.141.59.jar;C:\Users\Subhradip Sinha\.m2\repository\org\seleniumhq\selenium\selenium-edge-driver\3.141.59\selenium-edge-driver-3.141.59.jar;C:\Users\Subhradip Sinha\.m2\repository\org\seleniumhq\selenium\selenium-firefox-driver\3.141.59\selenium-firefox-driver-3.141.59.jar;C:\Users\Subhradip Sinha\.m2\repository\org\seleniumhq\selenium\selenium-ie-driver\3.141.59\selenium-ie-driver-3.141.59.jar;C:\Users\Subhradip Sinha\.m2\repository\org\seleniumhq\selenium\selenium-opera-driver\3.141.59\selenium-opera-driver-3.141.59.jar;C:\Users\Subhradip Sinha\.m2\repository\org\seleniumhq\selenium\selenium-remote-driver\3.141.59\selenium-remote-driver-3.141.59.jar;C:\Users\Subhradip Sinha\.m2\repository\org\seleniumhq\selenium\selenium-safari-driver\3.141.59\selenium-safari-driver-3.141.59.jar;C:\Users\Subhradip Sinha\.m2\repository\org\seleniumhq\selenium\selenium-support\3.141.59\selenium-support-3.141.59.jar;C:\Users\Subhradip Sinha\.m2\repository\net\bytebuddy\byte-buddy\1.8.15\byte-buddy-1.8.15.jar;C:\Users\Subhradip Sinha\.m2\repository\org\apache\commons\commons-exec\1.3\commons-exec-1.3.jar;C:\Users\Subhradip Sinha\.m2\repository\com\google\guava\guava\25.0-jre\guava-25.0-jre.jar;C:\Users\Subhradip Sinha\.m2\repository\com\google\code\findbugs\jsr305\1.3.9\jsr305-1.3.9.jar;C:\Users\Subhradip Sinha\.m2\repository\org\checkerframework\checker-compat-qual\2.0.0\checker-compat-qual-2.0.0.jar;C:\Users\Subhradip Sinha\.m2\repository\com\google\errorprone\error_prone_annotations\2.1.3\error_prone_annotations-2.1.3.jar;C:\Users\Subhradip Sinha\.m2\repository\com\google\j2objc\j2objc-annotations\1.1\j2objc-annotations-1.1.jar;C:\Users\Subhradip Sinha\.m2\repository\org\codehaus\mojo\animal-sniffer-annotations\1.14\animal-sniffer-annotations-1.14.jar;C:\Users\Subhradip Sinha\.m2\repository\com\squareup\okhttp3\okhttp\3.11.0\okhttp-3.11.0.jar;C:\Users\Subhradip Sinha\.m2\repository\com\squareup\okio\okio\1.14.0\okio-1.14.0.jar;C:\Users\Subhradip Sinha\.m2\repository\com\sun\mail\javax.mail\1.6.2\javax.mail-1.6.2.jar;C:\Users\Subhradip Sinha\.m2\repository\org\jboss\spec\javax\resource\jboss-connector-api_1.7_spec\1.0.1.Final\jboss-connector-api_1.7_spec-1.0.1.Final.jar;C:\Users\Subhradip Sinha\.m2\repository\com\github\sarxos\webcam-capture\0.3.11\webcam-capture-0.3.11.jar;C:\Users\Subhradip Sinha\.m2\repository\com\nativelibs4java\bridj\0.7.0\bridj-0.7.0.jar;C:\Users\Subhradip Sinha\.m2\repository\org\slf4j\slf4j-api\1.7.2\slf4j-api-1.7.2.jar;C:\Users\Subhradip Sinha\.m2\repository\org\apache\maven\maven-plugin-api\3.6.0\maven-plugin-api-3.6.0.jar;C:\Users\Subhradip Sinha\.m2\repository\org\apache\maven\maven-model\3.6.0\maven-model-3.6.0.jar;C:\Users\Subhradip Sinha\.m2\repository\org\apache\maven\maven-artifact\3.6.0\maven-artifact-3.6.0.jar;C:\Users\Subhradip Sinha\.m2\repository\org\eclipse\sisu\org.eclipse.sisu.plexus\0.3.3\org.eclipse.sisu.plexus-0.3.3.jar;C:\Users\Subhradip Sinha\.m2\repository\javax\enterprise\cdi-api\1.0\cdi-api-1.0.jar;C:\Users\Subhradip Sinha\.m2\repository\javax\annotation\jsr250-api\1.0\jsr250-api-1.0.jar;C:\Users\Subhradip Sinha\.m2\repository\javax\inject\javax.inject\1\javax.inject-1.jar;C:\Users\Subhradip Sinha\.m2\repository\org\eclipse\sisu\org.eclipse.sisu.inject\0.3.3\org.eclipse.sisu.inject-0.3.3.jar;C:\Users\Subhradip Sinha\.m2\repository\org\codehaus\plexus\plexus-component-annotations\1.5.5\plexus-component-annotations-1.5.5.jar;C:\Users\Subhradip Sinha\.m2\repository\org\codehaus\plexus\plexus-utils\3.1.0\plexus-utils-3.1.0.jar;C:\Users\Subhradip Sinha\.m2\repository\org\codehaus\plexus\plexus-classworlds\2.5.2\plexus-classworlds-2.5.2.jar;C:\Users\Subhradip Sinha\.m2\repository\org\testng\testng\6.14.3\testng-6.14.3.jar;C:\Users\Subhradip Sinha\.m2\repository\com\beust\jcommander\1.72\jcommander-1.72.jar;C:\Users\Subhradip Sinha\.m2\repository\org\apache-extras\beanshell\bsh\2.0b6\bsh-2.0b6.jar;C:\Users\Subhradip Sinha\.m2\repository\javax\mail\javax.mail-api\1.6.2\javax.mail-api-1.6.2.jar;C:\Users\Subhradip Sinha\.m2\repository\org\apache\commons\commons-email\1.4\commons-email-1.4.jar;C:\Users\Subhradip Sinha\.m2\repository\com\relevantcodes\extentreports\2.41.2\extentreports-2.41.2.jar;C:\Users\Subhradip Sinha\.m2\repository\org\jsoup\jsoup\1.8.3\jsoup-1.8.3.jar;C:\Users\Subhradip Sinha\.m2\repository\org\xerial\sqlite-jdbc\3.8.11.1\sqlite-jdbc-3.8.11.1.jar;C:\Users\Subhradip Sinha\.m2\repository\org\freemarker\freemarker\2.3.23\freemarker-2.3.23.jar;C:\Users\Subhradip Sinha\.m2\repository\org\mongodb\mongodb-driver\3.0.4\mongodb-driver-3.0.4.jar;C:\Users\Subhradip Sinha\.m2\repository\org\mongodb\bson\3.0.4\bson-3.0.4.jar;C:\Users\Subhradip Sinha\.m2\repository\org\mongodb\mongodb-driver-core\3.0.4\mongodb-driver-core-3.0.4.jar;C:\Users\Subhradip Sinha\.m2\repository\org\apache\maven\plugins\maven-jar-plugin\3.1.1\maven-jar-plugin-3.1.1.jar;C:\Users\Subhradip Sinha\.m2\repository\org\apache\maven\maven-core\3.0\maven-core-3.0.jar;C:\Users\Subhradip Sinha\.m2\repository\org\apache\maven\maven-settings\3.0\maven-settings-3.0.jar;C:\Users\Subhradip Sinha\.m2\repository\org\apache\maven\maven-settings-builder\3.0\maven-settings-builder-3.0.jar;C:\Users\Subhradip Sinha\.m2\repository\org\apache\maven\maven-repository-metadata\3.0\maven-repository-metadata-3.0.jar;C:\Users\Subhradip Sinha\.m2\repository\org\apache\maven\maven-model-builder\3.0\maven-model-builder-3.0.jar;C:\Users\Subhradip Sinha\.m2\repository\org\apache\maven\maven-aether-provider\3.0\maven-aether-provider-3.0.jar;C:\Users\Subhradip Sinha\.m2\repository\org\sonatype\aether\aether-impl\1.7\aether-impl-1.7.jar;C:\Users\Subhradip Sinha\.m2\repository\org\sonatype\aether\aether-spi\1.7\aether-spi-1.7.jar;C:\Users\Subhradip Sinha\.m2\repository\org\sonatype\aether\aether-api\1.7\aether-api-1.7.jar;C:\Users\Subhradip Sinha\.m2\repository\org\sonatype\aether\aether-util\1.7\aether-util-1.7.jar;C:\Users\Subhradip Sinha\.m2\repository\org\sonatype\sisu\sisu-inject-plexus\1.4.2\sisu-inject-plexus-1.4.2.jar;C:\Users\Subhradip Sinha\.m2\repository\org\sonatype\sisu\sisu-inject-bean\1.4.2\sisu-inject-bean-1.4.2.jar;C:\Users\Subhradip Sinha\.m2\repository\org\sonatype\sisu\sisu-guice\2.1.7\sisu-guice-2.1.7-noaop.jar;C:\Users\Subhradip Sinha\.m2\repository\org\codehaus\plexus\plexus-interpolation\1.14\plexus-interpolation-1.14.jar;C:\Users\Subhradip Sinha\.m2\repository\org\sonatype\plexus\plexus-sec-dispatcher\1.3\plexus-sec-dispatcher-1.3.jar;C:\Users\Subhradip Sinha\.m2\repository\org\sonatype\plexus\plexus-cipher\1.4\plexus-cipher-1.4.jar;C:\Users\Subhradip Sinha\.m2\repository\org\apache\maven\maven-archiver\3.3.0\maven-archiver-3.3.0.jar;C:\Users\Subhradip Sinha\.m2\repository\org\apache\maven\shared\maven-shared-utils\3.2.1\maven-shared-utils-3.2.1.jar;C:\Users\Subhradip Sinha\.m2\repository\commons-io\commons-io\2.5\commons-io-2.5.jar;C:\Users\Subhradip Sinha\.m2\repository\org\codehaus\plexus\plexus-archiver\3.7.0\plexus-archiver-3.7.0.jar;C:\Users\Subhradip Sinha\.m2\repository\org\codehaus\plexus\plexus-io\3.1.0\plexus-io-3.1.0.jar;C:\Users\Subhradip Sinha\.m2\repository\org\apache\commons\commons-compress\1.18\commons-compress-1.18.jar;C:\Users\Subhradip Sinha\.m2\repository\org\iq80\snappy\snappy\0.4\snappy-0.4.jar;C:\Users\Subhradip Sinha\.m2\repository\org\tukaani\xz\1.8\xz-1.8.jar;C:\Users\Subhradip Sinha\.m2\repository\com\sun\mail\smtp\1.6.3\smtp-1.6.3.jar;C:\Users\Subhradip Sinha\.m2\repository\com\sun\mail\mailapi\1.6.3\mailapi-1.6.3.jar;C:\Users\Subhradip Sinha\.m2\repository\org\duracloud\snapshot\snapshot-common-db\2.0.0\snapshot-common-db-2.0.0.jar;C:\Users\Subhradip Sinha\.m2\repository\org\duracloud\db\common\6.0.0\common-6.0.0.jar;C:\Users\Subhradip Sinha\.m2\repository\net\sf\trove4j\trove4j\3.0.3\trove4j-3.0.3.jar;C:\Users\Subhradip Sinha\.m2\repository\commons-codec\commons-codec\1.9\commons-codec-1.9.jar;C:\Users\Subhradip Sinha\.m2\repository\org\springframework\data\spring-data-jpa\1.10.1.RELEASE\spring-data-jpa-1.10.1.RELEASE.jar;C:\Users\Subhradip Sinha\.m2\repository\org\springframework\data\spring-data-commons\1.12.1.RELEASE\spring-data-commons-1.12.1.RELEASE.jar;C:\Users\Subhradip Sinha\.m2\repository\org\springframework\spring-orm\4.2.5.RELEASE\spring-orm-4.2.5.RELEASE.jar;C:\Users\Subhradip Sinha\.m2\repository\org\springframework\spring-jdbc\4.2.5.RELEASE\spring-jdbc-4.2.5.RELEASE.jar;C:\Users\Subhradip Sinha\.m2\repository\org\springframework\spring-context\4.2.5.RELEASE\spring-context-4.2.5.RELEASE.jar;C:\Users\Subhradip Sinha\.m2\repository\org\springframework\spring-expression\4.2.5.RELEASE\spring-expression-4.2.5.RELEASE.jar;C:\Users\Subhradip Sinha\.m2\repository\org\springframework\spring-aop\4.2.5.RELEASE\spring-aop-4.2.5.RELEASE.jar;C:\Users\Subhradip Sinha\.m2\repository\aopalliance\aopalliance\1.0\aopalliance-1.0.jar;C:\Users\Subhradip Sinha\.m2\repository\org\springframework\spring-tx\4.2.5.RELEASE\spring-tx-4.2.5.RELEASE.jar;C:\Users\Subhradip Sinha\.m2\repository\org\springframework\spring-beans\4.2.5.RELEASE\spring-beans-4.2.5.RELEASE.jar;C:\Users\Subhradip Sinha\.m2\repository\org\aspectj\aspectjrt\1.8.9\aspectjrt-1.8.9.jar;C:\Users\Subhradip Sinha\.m2\repository\mysql\mysql-connector-java\5.1.38\mysql-connector-java-5.1.38.jar;C:\Users\Subhradip Sinha\.m2\repository\org\hibernate\hibernate-core\5.1.0.Final\hibernate-core-5.1.0.Final.jar;C:\Users\Subhradip Sinha\.m2\repository\org\jboss\logging\jboss-logging\3.3.0.Final\jboss-logging-3.3.0.Final.jar;C:\Users\Subhradip Sinha\.m2\repository\org\hibernate\javax\persistence\hibernate-jpa-2.1-api\1.0.0.Final\hibernate-jpa-2.1-api-1.0.0.Final.jar;C:\Users\Subhradip Sinha\.m2\repository\org\javassist\javassist\3.20.0-GA\javassist-3.20.0-GA.jar;C:\Users\Subhradip Sinha\.m2\repository\antlr\antlr\2.7.7\antlr-2.7.7.jar;C:\Users\Subhradip Sinha\.m2\repository\org\apache\geronimo\specs\geronimo-jta_1.1_spec\1.1.1\geronimo-jta_1.1_spec-1.1.1.jar;C:\Users\Subhradip Sinha\.m2\repository\org\jboss\jandex\2.0.0.Final\jandex-2.0.0.Final.jar;C:\Users\Subhradip Sinha\.m2\repository\com\fasterxml\classmate\1.3.0\classmate-1.3.0.jar;C:\Users\Subhradip Sinha\.m2\repository\dom4j\dom4j\1.6.1\dom4j-1.6.1.jar;C:\Users\Subhradip Sinha\.m2\repository\xml-apis\xml-apis\1.0.b2\xml-apis-1.0.b2.jar;C:\Users\Subhradip Sinha\.m2\repository\org\hibernate\common\hibernate-commons-annotations\5.0.1.Final\hibernate-commons-annotations-5.0.1.Final.jar;C:\Users\Subhradip Sinha\.m2\repository\org\hibernate\hibernate-entitymanager\5.1.0.Final\hibernate-entitymanager-5.1.0.Final.jar;C:\Users\Subhradip Sinha\.m2\repository\org\springframework\spring-core\4.2.5.RELEASE\spring-core-4.2.5.RELEASE.jar;C:\Users\Subhradip Sinha\.m2\repository\org\apache\commons\commons-dbcp2\2.1\commons-dbcp2-2.1.jar;C:\Users\Subhradip Sinha\.m2\repository\org\apache\commons\commons-pool2\2.3\commons-pool2-2.3.jar;C:\Users\Subhradip Sinha\.m2\repository\org\duracloud\snapshotdata\6.0.0\snapshotdata-6.0.0.jar;C:\Users\Subhradip Sinha\.m2\repository\org\duracloud\common-json\6.0.0\common-json-6.0.0.jar;C:\Users\Subhradip Sinha\.m2\repository\org\codehaus\jackson\jackson-mapper-asl\1.9.5\jackson-mapper-asl-1.9.5.jar;C:\Users\Subhradip Sinha\.m2\repository\org\codehaus\jackson\jackson-core-asl\1.9.5\jackson-core-asl-1.9.5.jar;C:\Users\Subhradip Sinha\.m2\repository\org\codehaus\jackson\jackson-xc\1.9.5\jackson-xc-1.9.5.jar;C:\Users\Subhradip Sinha\.m2\repository\org\duracloud\common\6.0.0\common-6.0.0.jar;C:\Users\Subhradip Sinha\.m2\repository\org\apache\httpcomponents\httpclient\4.5.2\httpclient-4.5.2.jar;C:\Users\Subhradip Sinha\.m2\repository\org\apache\httpcomponents\httpcore\4.4.4\httpcore-4.4.4.jar;C:\Users\Subhradip Sinha\.m2\repository\org\apache\httpcomponents\httpmime\4.5.2\httpmime-4.5.2.jar;C:\Users\Subhradip Sinha\.m2\repository\com\thoughtworks\xstream\xstream\1.4.7\xstream-1.4.7.jar;C:\Users\Subhradip Sinha\.m2\repository\xmlpull\xmlpull\1.1.3.1\xmlpull-1.1.3.1.jar;C:\Users\Subhradip Sinha\.m2\repository\xpp3\xpp3_min\1.1.4c\xpp3_min-1.1.4c.jar;C:\Users\Subhradip Sinha\.m2\repository\org\apache\commons\commons-lang3\3.1\commons-lang3-3.1.jar;C:\Users\Subhradip Sinha\.m2\repository\ch\qos\logback\logback-classic\1.1.2\logback-classic-1.1.2.jar;C:\Users\Subhradip Sinha\.m2\repository\ch\qos\logback\logback-core\1.1.2\logback-core-1.1.2.jar;C:\Users\Subhradip Sinha\.m2\repository\org\slf4j\jcl-over-slf4j\1.7.6\jcl-over-slf4j-1.7.6.jar;C:\Users\Subhradip Sinha\.m2\repository\org\slf4j\log4j-over-slf4j\1.7.6\log4j-over-slf4j-1.7.6.jar;C:\Users\Subhradip Sinha\.m2\repository\org\duracloud\snapshot\snapshot-common-test\2.0.0\snapshot-common-test-2.0.0.jar;C:\Users\Subhradip Sinha\.m2\repository\org\easymock\easymock\3.2\easymock-3.2.jar;C:\Users\Subhradip Sinha\.m2\repository\cglib\cglib-nodep\2.2.2\cglib-nodep-2.2.2.jar;C:\Users\Subhradip Sinha\.m2\repository\org\objenesis\objenesis\1.3\objenesis-1.3.jar;C:\Users\Subhradip Sinha\.m2\repository\junit\junit\4.11\junit-4.11.jar;C:\Users\Subhradip Sinha\.m2\repository\org\hamcrest\hamcrest-core\1.3\hamcrest-core-1.3.jar;C:\Users\Subhradip Sinha\.m2\repository\javax\activation\activation\1.1.1\activation-1.1.1.jar;C:\Users\Subhradip Sinha\.m2\repository\org\apache\mina\mina-filter-ssl\1.1.7\mina-filter-ssl-1.1.7.jar;C:\Users\Subhradip Sinha\.m2\repository\org\apache\mina\mina-core\1.1.7\mina-core-1.1.7.jar;"/>
    <property name="java.vm.vendor" value="Oracle Corporation"/>
    <property name="sun.arch.data.model" value="64"/>
    <property name="user.variant" value=""/>
    <property name="java.vendor.url" value="http://java.oracle.com/"/>
    <property name="user.timezone" value="GMT-05:00"/>
    <property name="java.vm.specification.version" value="1.8"/>
    <property name="os.name" value="Windows 10"/>
    <property name="user.country" value="US"/>
    <property name="sun.java.launcher" value="SUN_STANDARD"/>
    <property name="sun.boot.library.path" value="C:\Program Files\Java\jre1.8.0_91\bin"/>
    <property name="sun.java.command" value="C:\Users\SUBHRA~1\AppData\Local\Temp\surefire101761129001422651\surefirebooter7596163420744656165.jar C:\Users\Subhradip Sinha\AppData\Local\Temp\surefire101761129001422651 2019-03-13T06-05-26_864-jvmRun1 surefire5848701630622370879tmp surefire_08046296420602001978tmp"/>
    <property name="surefire.test.class.path" value="E:\sw\Homework1\goaptiedemo.demo\target\test-classes;E:\sw\Homework1\goaptiedemo.demo\target\classes;C:\Users\Subhradip Sinha\.m2\repository\org\seleniumhq\selenium\selenium-java\3.141.59\selenium-java-3.141.59.jar;C:\Users\Subhradip Sinha\.m2\repository\org\seleniumhq\selenium\selenium-api\3.141.59\selenium-api-3.141.59.jar;C:\Users\Subhradip Sinha\.m2\repository\org\seleniumhq\selenium\selenium-chrome-driver\3.141.59\selenium-chrome-driver-3.141.59.jar;C:\Users\Subhradip Sinha\.m2\repository\org\seleniumhq\selenium\selenium-edge-driver\3.141.59\selenium-edge-driver-3.141.59.jar;C:\Users\Subhradip Sinha\.m2\repository\org\seleniumhq\selenium\selenium-firefox-driver\3.141.59\selenium-firefox-driver-3.141.59.jar;C:\Users\Subhradip Sinha\.m2\repository\org\seleniumhq\selenium\selenium-ie-driver\3.141.59\selenium-ie-driver-3.141.59.jar;C:\Users\Subhradip Sinha\.m2\repository\org\seleniumhq\selenium\selenium-opera-driver\3.141.59\selenium-opera-driver-3.141.59.jar;C:\Users\Subhradip Sinha\.m2\repository\org\seleniumhq\selenium\selenium-remote-driver\3.141.59\selenium-remote-driver-3.141.59.jar;C:\Users\Subhradip Sinha\.m2\repository\org\seleniumhq\selenium\selenium-safari-driver\3.141.59\selenium-safari-driver-3.141.59.jar;C:\Users\Subhradip Sinha\.m2\repository\org\seleniumhq\selenium\selenium-support\3.141.59\selenium-support-3.141.59.jar;C:\Users\Subhradip Sinha\.m2\repository\net\bytebuddy\byte-buddy\1.8.15\byte-buddy-1.8.15.jar;C:\Users\Subhradip Sinha\.m2\repository\org\apache\commons\commons-exec\1.3\commons-exec-1.3.jar;C:\Users\Subhradip Sinha\.m2\repository\com\google\guava\guava\25.0-jre\guava-25.0-jre.jar;C:\Users\Subhradip Sinha\.m2\repository\com\google\code\findbugs\jsr305\1.3.9\jsr305-1.3.9.jar;C:\Users\Subhradip Sinha\.m2\repository\org\checkerframework\checker-compat-qual\2.0.0\checker-compat-qual-2.0.0.jar;C:\Users\Subhradip Sinha\.m2\repository\com\google\errorprone\error_prone_annotations\2.1.3\error_prone_annotations-2.1.3.jar;C:\Users\Subhradip Sinha\.m2\repository\com\google\j2objc\j2objc-annotations\1.1\j2objc-annotations-1.1.jar;C:\Users\Subhradip Sinha\.m2\repository\org\codehaus\mojo\animal-sniffer-annotations\1.14\animal-sniffer-annotations-1.14.jar;C:\Users\Subhradip Sinha\.m2\repository\com\squareup\okhttp3\okhttp\3.11.0\okhttp-3.11.0.jar;C:\Users\Subhradip Sinha\.m2\repository\com\squareup\okio\okio\1.14.0\okio-1.14.0.jar;C:\Users\Subhradip Sinha\.m2\repository\com\sun\mail\javax.mail\1.6.2\javax.mail-1.6.2.jar;C:\Users\Subhradip Sinha\.m2\repository\org\jboss\spec\javax\resource\jboss-connector-api_1.7_spec\1.0.1.Final\jboss-connector-api_1.7_spec-1.0.1.Final.jar;C:\Users\Subhradip Sinha\.m2\repository\com\github\sarxos\webcam-capture\0.3.11\webcam-capture-0.3.11.jar;C:\Users\Subhradip Sinha\.m2\repository\com\nativelibs4java\bridj\0.7.0\bridj-0.7.0.jar;C:\Users\Subhradip Sinha\.m2\repository\org\slf4j\slf4j-api\1.7.2\slf4j-api-1.7.2.jar;C:\Users\Subhradip Sinha\.m2\repository\org\apache\maven\maven-plugin-api\3.6.0\maven-plugin-api-3.6.0.jar;C:\Users\Subhradip Sinha\.m2\repository\org\apache\maven\maven-model\3.6.0\maven-model-3.6.0.jar;C:\Users\Subhradip Sinha\.m2\repository\org\apache\maven\maven-artifact\3.6.0\maven-artifact-3.6.0.jar;C:\Users\Subhradip Sinha\.m2\repository\org\eclipse\sisu\org.eclipse.sisu.plexus\0.3.3\org.eclipse.sisu.plexus-0.3.3.jar;C:\Users\Subhradip Sinha\.m2\repository\javax\enterprise\cdi-api\1.0\cdi-api-1.0.jar;C:\Users\Subhradip Sinha\.m2\repository\javax\annotation\jsr250-api\1.0\jsr250-api-1.0.jar;C:\Users\Subhradip Sinha\.m2\repository\javax\inject\javax.inject\1\javax.inject-1.jar;C:\Users\Subhradip Sinha\.m2\repository\org\eclipse\sisu\org.eclipse.sisu.inject\0.3.3\org.eclipse.sisu.inject-0.3.3.jar;C:\Users\Subhradip Sinha\.m2\repository\org\codehaus\plexus\plexus-component-annotations\1.5.5\plexus-component-annotations-1.5.5.jar;C:\Users\Subhradip Sinha\.m2\repository\org\codehaus\plexus\plexus-utils\3.1.0\plexus-utils-3.1.0.jar;C:\Users\Subhradip Sinha\.m2\repository\org\codehaus\plexus\plexus-classworlds\2.5.2\plexus-classworlds-2.5.2.jar;C:\Users\Subhradip Sinha\.m2\repository\org\testng\testng\6.14.3\testng-6.14.3.jar;C:\Users\Subhradip Sinha\.m2\repository\com\beust\jcommander\1.72\jcommander-1.72.jar;C:\Users\Subhradip Sinha\.m2\repository\org\apache-extras\beanshell\bsh\2.0b6\bsh-2.0b6.jar;C:\Users\Subhradip Sinha\.m2\repository\javax\mail\javax.mail-api\1.6.2\javax.mail-api-1.6.2.jar;C:\Users\Subhradip Sinha\.m2\repository\org\apache\commons\commons-email\1.4\commons-email-1.4.jar;C:\Users\Subhradip Sinha\.m2\repository\com\relevantcodes\extentreports\2.41.2\extentreports-2.41.2.jar;C:\Users\Subhradip Sinha\.m2\repository\org\jsoup\jsoup\1.8.3\jsoup-1.8.3.jar;C:\Users\Subhradip Sinha\.m2\repository\org\xerial\sqlite-jdbc\3.8.11.1\sqlite-jdbc-3.8.11.1.jar;C:\Users\Subhradip Sinha\.m2\repository\org\freemarker\freemarker\2.3.23\freemarker-2.3.23.jar;C:\Users\Subhradip Sinha\.m2\repository\org\mongodb\mongodb-driver\3.0.4\mongodb-driver-3.0.4.jar;C:\Users\Subhradip Sinha\.m2\repository\org\mongodb\bson\3.0.4\bson-3.0.4.jar;C:\Users\Subhradip Sinha\.m2\repository\org\mongodb\mongodb-driver-core\3.0.4\mongodb-driver-core-3.0.4.jar;C:\Users\Subhradip Sinha\.m2\repository\org\apache\maven\plugins\maven-jar-plugin\3.1.1\maven-jar-plugin-3.1.1.jar;C:\Users\Subhradip Sinha\.m2\repository\org\apache\maven\maven-core\3.0\maven-core-3.0.jar;C:\Users\Subhradip Sinha\.m2\repository\org\apache\maven\maven-settings\3.0\maven-settings-3.0.jar;C:\Users\Subhradip Sinha\.m2\repository\org\apache\maven\maven-settings-builder\3.0\maven-settings-builder-3.0.jar;C:\Users\Subhradip Sinha\.m2\repository\org\apache\maven\maven-repository-metadata\3.0\maven-repository-metadata-3.0.jar;C:\Users\Subhradip Sinha\.m2\repository\org\apache\maven\maven-model-builder\3.0\maven-model-builder-3.0.jar;C:\Users\Subhradip Sinha\.m2\repository\org\apache\maven\maven-aether-provider\3.0\maven-aether-provider-3.0.jar;C:\Users\Subhradip Sinha\.m2\repository\org\sonatype\aether\aether-impl\1.7\aether-impl-1.7.jar;C:\Users\Subhradip Sinha\.m2\repository\org\sonatype\aether\aether-spi\1.7\aether-spi-1.7.jar;C:\Users\Subhradip Sinha\.m2\repository\org\sonatype\aether\aether-api\1.7\aether-api-1.7.jar;C:\Users\Subhradip Sinha\.m2\repository\org\sonatype\aether\aether-util\1.7\aether-util-1.7.jar;C:\Users\Subhradip Sinha\.m2\repository\org\sonatype\sisu\sisu-inject-plexus\1.4.2\sisu-inject-plexus-1.4.2.jar;C:\Users\Subhradip Sinha\.m2\repository\org\sonatype\sisu\sisu-inject-bean\1.4.2\sisu-inject-bean-1.4.2.jar;C:\Users\Subhradip Sinha\.m2\repository\org\sonatype\sisu\sisu-guice\2.1.7\sisu-guice-2.1.7-noaop.jar;C:\Users\Subhradip Sinha\.m2\repository\org\codehaus\plexus\plexus-interpolation\1.14\plexus-interpolation-1.14.jar;C:\Users\Subhradip Sinha\.m2\repository\org\sonatype\plexus\plexus-sec-dispatcher\1.3\plexus-sec-dispatcher-1.3.jar;C:\Users\Subhradip Sinha\.m2\repository\org\sonatype\plexus\plexus-cipher\1.4\plexus-cipher-1.4.jar;C:\Users\Subhradip Sinha\.m2\repository\org\apache\maven\maven-archiver\3.3.0\maven-archiver-3.3.0.jar;C:\Users\Subhradip Sinha\.m2\repository\org\apache\maven\shared\maven-shared-utils\3.2.1\maven-shared-utils-3.2.1.jar;C:\Users\Subhradip Sinha\.m2\repository\commons-io\commons-io\2.5\commons-io-2.5.jar;C:\Users\Subhradip Sinha\.m2\repository\org\codehaus\plexus\plexus-archiver\3.7.0\plexus-archiver-3.7.0.jar;C:\Users\Subhradip Sinha\.m2\repository\org\codehaus\plexus\plexus-io\3.1.0\plexus-io-3.1.0.jar;C:\Users\Subhradip Sinha\.m2\repository\org\apache\commons\commons-compress\1.18\commons-compress-1.18.jar;C:\Users\Subhradip Sinha\.m2\repository\org\iq80\snappy\snappy\0.4\snappy-0.4.jar;C:\Users\Subhradip Sinha\.m2\repository\org\tukaani\xz\1.8\xz-1.8.jar;C:\Users\Subhradip Sinha\.m2\repository\com\sun\mail\smtp\1.6.3\smtp-1.6.3.jar;C:\Users\Subhradip Sinha\.m2\repository\com\sun\mail\mailapi\1.6.3\mailapi-1.6.3.jar;C:\Users\Subhradip Sinha\.m2\repository\org\duracloud\snapshot\snapshot-common-db\2.0.0\snapshot-common-db-2.0.0.jar;C:\Users\Subhradip Sinha\.m2\repository\org\duracloud\db\common\6.0.0\common-6.0.0.jar;C:\Users\Subhradip Sinha\.m2\repository\net\sf\trove4j\trove4j\3.0.3\trove4j-3.0.3.jar;C:\Users\Subhradip Sinha\.m2\repository\commons-codec\commons-codec\1.9\commons-codec-1.9.jar;C:\Users\Subhradip Sinha\.m2\repository\org\springframework\data\spring-data-jpa\1.10.1.RELEASE\spring-data-jpa-1.10.1.RELEASE.jar;C:\Users\Subhradip Sinha\.m2\repository\org\springframework\data\spring-data-commons\1.12.1.RELEASE\spring-data-commons-1.12.1.RELEASE.jar;C:\Users\Subhradip Sinha\.m2\repository\org\springframework\spring-orm\4.2.5.RELEASE\spring-orm-4.2.5.RELEASE.jar;C:\Users\Subhradip Sinha\.m2\repository\org\springframework\spring-jdbc\4.2.5.RELEASE\spring-jdbc-4.2.5.RELEASE.jar;C:\Users\Subhradip Sinha\.m2\repository\org\springframework\spring-context\4.2.5.RELEASE\spring-context-4.2.5.RELEASE.jar;C:\Users\Subhradip Sinha\.m2\repository\org\springframework\spring-expression\4.2.5.RELEASE\spring-expression-4.2.5.RELEASE.jar;C:\Users\Subhradip Sinha\.m2\repository\org\springframework\spring-aop\4.2.5.RELEASE\spring-aop-4.2.5.RELEASE.jar;C:\Users\Subhradip Sinha\.m2\repository\aopalliance\aopalliance\1.0\aopalliance-1.0.jar;C:\Users\Subhradip Sinha\.m2\repository\org\springframework\spring-tx\4.2.5.RELEASE\spring-tx-4.2.5.RELEASE.jar;C:\Users\Subhradip Sinha\.m2\repository\org\springframework\spring-beans\4.2.5.RELEASE\spring-beans-4.2.5.RELEASE.jar;C:\Users\Subhradip Sinha\.m2\repository\org\aspectj\aspectjrt\1.8.9\aspectjrt-1.8.9.jar;C:\Users\Subhradip Sinha\.m2\repository\mysql\mysql-connector-java\5.1.38\mysql-connector-java-5.1.38.jar;C:\Users\Subhradip Sinha\.m2\repository\org\hibernate\hibernate-core\5.1.0.Final\hibernate-core-5.1.0.Final.jar;C:\Users\Subhradip Sinha\.m2\repository\org\jboss\logging\jboss-logging\3.3.0.Final\jboss-logging-3.3.0.Final.jar;C:\Users\Subhradip Sinha\.m2\repository\org\hibernate\javax\persistence\hibernate-jpa-2.1-api\1.0.0.Final\hibernate-jpa-2.1-api-1.0.0.Final.jar;C:\Users\Subhradip Sinha\.m2\repository\org\javassist\javassist\3.20.0-GA\javassist-3.20.0-GA.jar;C:\Users\Subhradip Sinha\.m2\repository\antlr\antlr\2.7.7\antlr-2.7.7.jar;C:\Users\Subhradip Sinha\.m2\repository\org\apache\geronimo\specs\geronimo-jta_1.1_spec\1.1.1\geronimo-jta_1.1_spec-1.1.1.jar;C:\Users\Subhradip Sinha\.m2\repository\org\jboss\jandex\2.0.0.Final\jandex-2.0.0.Final.jar;C:\Users\Subhradip Sinha\.m2\repository\com\fasterxml\classmate\1.3.0\classmate-1.3.0.jar;C:\Users\Subhradip Sinha\.m2\repository\dom4j\dom4j\1.6.1\dom4j-1.6.1.jar;C:\Users\Subhradip Sinha\.m2\repository\xml-apis\xml-apis\1.0.b2\xml-apis-1.0.b2.jar;C:\Users\Subhradip Sinha\.m2\repository\org\hibernate\common\hibernate-commons-annotations\5.0.1.Final\hibernate-commons-annotations-5.0.1.Final.jar;C:\Users\Subhradip Sinha\.m2\repository\org\hibernate\hibernate-entitymanager\5.1.0.Final\hibernate-entitymanager-5.1.0.Final.jar;C:\Users\Subhradip Sinha\.m2\repository\org\springframework\spring-core\4.2.5.RELEASE\spring-core-4.2.5.RELEASE.jar;C:\Users\Subhradip Sinha\.m2\repository\org\apache\commons\commons-dbcp2\2.1\commons-dbcp2-2.1.jar;C:\Users\Subhradip Sinha\.m2\repository\org\apache\commons\commons-pool2\2.3\commons-pool2-2.3.jar;C:\Users\Subhradip Sinha\.m2\repository\org\duracloud\snapshotdata\6.0.0\snapshotdata-6.0.0.jar;C:\Users\Subhradip Sinha\.m2\repository\org\duracloud\common-json\6.0.0\common-json-6.0.0.jar;C:\Users\Subhradip Sinha\.m2\repository\org\codehaus\jackson\jackson-mapper-asl\1.9.5\jackson-mapper-asl-1.9.5.jar;C:\Users\Subhradip Sinha\.m2\repository\org\codehaus\jackson\jackson-core-asl\1.9.5\jackson-core-asl-1.9.5.jar;C:\Users\Subhradip Sinha\.m2\repository\org\codehaus\jackson\jackson-xc\1.9.5\jackson-xc-1.9.5.jar;C:\Users\Subhradip Sinha\.m2\repository\org\duracloud\common\6.0.0\common-6.0.0.jar;C:\Users\Subhradip Sinha\.m2\repository\org\apache\httpcomponents\httpclient\4.5.2\httpclient-4.5.2.jar;C:\Users\Subhradip Sinha\.m2\repository\org\apache\httpcomponents\httpcore\4.4.4\httpcore-4.4.4.jar;C:\Users\Subhradip Sinha\.m2\repository\org\apache\httpcomponents\httpmime\4.5.2\httpmime-4.5.2.jar;C:\Users\Subhradip Sinha\.m2\repository\com\thoughtworks\xstream\xstream\1.4.7\xstream-1.4.7.jar;C:\Users\Subhradip Sinha\.m2\repository\xmlpull\xmlpull\1.1.3.1\xmlpull-1.1.3.1.jar;C:\Users\Subhradip Sinha\.m2\repository\xpp3\xpp3_min\1.1.4c\xpp3_min-1.1.4c.jar;C:\Users\Subhradip Sinha\.m2\repository\org\apache\commons\commons-lang3\3.1\commons-lang3-3.1.jar;C:\Users\Subhradip Sinha\.m2\repository\ch\qos\logback\logback-classic\1.1.2\logback-classic-1.1.2.jar;C:\Users\Subhradip Sinha\.m2\repository\ch\qos\logback\logback-core\1.1.2\logback-core-1.1.2.jar;C:\Users\Subhradip Sinha\.m2\repository\org\slf4j\jcl-over-slf4j\1.7.6\jcl-over-slf4j-1.7.6.jar;C:\Users\Subhradip Sinha\.m2\repository\org\slf4j\log4j-over-slf4j\1.7.6\log4j-over-slf4j-1.7.6.jar;C:\Users\Subhradip Sinha\.m2\repository\org\duracloud\snapshot\snapshot-common-test\2.0.0\snapshot-common-test-2.0.0.jar;C:\Users\Subhradip Sinha\.m2\repository\org\easymock\easymock\3.2\easymock-3.2.jar;C:\Users\Subhradip Sinha\.m2\repository\cglib\cglib-nodep\2.2.2\cglib-nodep-2.2.2.jar;C:\Users\Subhradip Sinha\.m2\repository\org\objenesis\objenesis\1.3\objenesis-1.3.jar;C:\Users\Subhradip Sinha\.m2\repository\junit\junit\4.11\junit-4.11.jar;C:\Users\Subhradip Sinha\.m2\repository\org\hamcrest\hamcrest-core\1.3\hamcrest-core-1.3.jar;C:\Users\Subhradip Sinha\.m2\repository\javax\activation\activation\1.1.1\activation-1.1.1.jar;C:\Users\Subhradip Sinha\.m2\repository\org\apache\mina\mina-filter-ssl\1.1.7\mina-filter-ssl-1.1.7.jar;C:\Users\Subhradip Sinha\.m2\repository\org\apache\mina\mina-core\1.1.7\mina-core-1.1.7.jar;"/>
    <property name="sun.cpu.endian" value="little"/>
    <property name="user.home" value="C:\Users\Subhradip Sinha"/>
    <property name="user.language" value="en"/>
    <property name="java.specification.vendor" value="Oracle Corporation"/>
    <property name="java.home" value="C:\Program Files\Java\jre1.8.0_91"/>
    <property name="basedir" value="E:\sw\Homework1\goaptiedemo.demo"/>
    <property name="file.separator" value="\"/>
    <property name="line.separator" value="&#10;"/>
    <property name="java.vm.specification.vendor" value="Oracle Corporation"/>
    <property name="java.specification.name" value="Java Platform API Specification"/>
    <property name="java.awt.graphicsenv" value="sun.awt.Win32GraphicsEnvironment"/>
    <property name="surefire.real.class.path" value="C:\Users\SUBHRA~1\AppData\Local\Temp\surefire101761129001422651\surefirebooter7596163420744656165.jar"/>
    <property name="sun.boot.class.path" value="C:\Program Files\Java\jre1.8.0_91\lib\resources.jar;C:\Program Files\Java\jre1.8.0_91\lib\rt.jar;C:\Program Files\Java\jre1.8.0_91\lib\sunrsasign.jar;C:\Program Files\Java\jre1.8.0_91\lib\jsse.jar;C:\Program Files\Java\jre1.8.0_91\lib\jce.jar;C:\Program Files\Java\jre1.8.0_91\lib\charsets.jar;C:\Program Files\Java\jre1.8.0_91\lib\jfr.jar;C:\Program Files\Java\jre1.8.0_91\classes"/>
    <property name="user.script" value=""/>
    <property name="sun.management.compiler" value="HotSpot 64-Bit Tiered Compilers"/>
    <property name="java.runtime.version" value="1.8.0_91-b15"/>
    <property name="user.name" value="Subhradip Sinha"/>
    <property name="path.separator" value=";"/>
    <property name="os.version" value="10.0"/>
    <property name="java.endorsed.dirs" value="C:\Program Files\Java\jre1.8.0_91\lib\endorsed"/>
    <property name="java.runtime.name" value="Java(TM) SE Runtime Environment"/>
    <property name="file.encoding" value="Cp1252"/>
    <property name="java.vm.name" value="Java HotSpot(TM) 64-Bit Server VM"/>
    <property name="localRepository" value="C:\Users\Subhradip Sinha\.m2\repository"/>
    <property name="java.vendor.url.bug" value="http://bugreport.sun.com/bugreport/"/>
    <property name="java.io.tmpdir" value="C:\Users\SUBHRA~1\AppData\Local\Temp\"/>
    <property name="java.version" value="1.8.0_91"/>
    <property name="user.dir" value="E:\sw\Homework1\goaptiedemo.demo"/>
    <property name="os.arch" value="amd64"/>
    <property name="java.vm.specification.name" value="Java Virtual Machine Specification"/>
    <property name="java.awt.printerjob" value="sun.awt.windows.WPrinterJob"/>
    <property name="sun.os.patch.level" value=""/>
    <property name="java.library.path" value="C:\Program Files\Java\jre1.8.0_91\bin;C:\Windows\Sun\Java\bin;C:\Windows\system32;C:\Windows;C:/Program Files/Java/jdk1.8.0_91/bin/../jre/bin/server;C:/Program Files/Java/jdk1.8.0_91/bin/../jre/bin;C:/Program Files/Java/jdk1.8.0_91/bin/../jre/lib/amd64;C:\Program Files\Java\jdk1.8.0_91\bin;E:\sw\Git\cmd;E:\sw\Git\mingw64\bin;E:\sw\Git\usr\bin;C:\Program Files\Java\jdk1.8.0_91\bin;E:\sw\eclipse-java-luna-SR2-win32-x86_64\eclipse;;."/>
    <property name="java.vm.info" value="mixed mode"/>
    <property name="java.vendor" value="Oracle Corporation"/>
    <property name="java.vm.version" value="25.91-b15"/>
    <property name="java.ext.dirs" value="C:\Program Files\Java\jre1.8.0_91\lib\ext;C:\Windows\Sun\Java\lib\ext"/>
    <property name="sun.io.unicode.encoding" value="UnicodeLittle"/>
    <property name="java.class.version" value="52.0"/>
  </properties>
  <testcase name="shouldAnswerWithTrue on shouldAnswerWithTrue(com.goaptive.demo.goaptiedemo.com.AppTest)" classname="com.goaptive.demo.goaptiedemo.com.AppTest" time="0.003"/>
</testsuite>