<?xml version="1.0" encoding="UTF-8"?>
<!-- Generated by org.testng.reporters.JUnitReportReporter -->
<testsuite skipped="0" hostname="DESKTOP-T1ACPCH" name="com.goaptive.demo.goaptiedemo.com.AppTest" tests="1" failures="0" timestamp="13 Mar 2019 11:05:35 GMT" time="0.011" errors="0">
  <testcase name="shouldAnswerWithTrue" time="0.011" classname="com.goaptive.demo.goaptiedemo.com.AppTest"/>
</testsuite> <!-- com.goaptive.demo.goaptiedemo.com.AppTest -->
